[INFO][2018-01-15 21:16:35] org.springframework.web.context.ContextLoader.initWebApplicationContext(ContextLoader.java:304) localhost-startStop-1 Root WebApplicationContext: initialization started 
[INFO][2018-01-15 21:16:36] org.springframework.context.support.AbstractApplicationContext.prepareRefresh(AbstractApplicationContext.java:583) localhost-startStop-1 Refreshing Root WebApplicationContext: startup date [Mon Jan 15 21:16:36 CST 2018]; root of context hierarchy 
[INFO][2018-01-15 21:16:36] org.springframework.beans.factory.xml.XmlBeanDefinitionReader.loadBeanDefinitions(XmlBeanDefinitionReader.java:317) localhost-startStop-1 Loading XML bean definitions from class path resource [spring/spring-service.xml] 
[INFO][2018-01-15 21:16:36] org.springframework.beans.factory.xml.XmlBeanDefinitionReader.loadBeanDefinitions(XmlBeanDefinitionReader.java:317) localhost-startStop-1 Loading XML bean definitions from class path resource [spring/spring-dubbo.xml] 
[INFO][2018-01-15 21:16:36]  localhost-startStop-1 using logger: com.alibaba.dubbo.common.logger.log4j.Log4jLoggerAdapter 
[INFO][2018-01-15 21:16:36] org.springframework.beans.factory.annotation.AutowiredAnnotationBeanPostProcessor.<init>(AutowiredAnnotationBeanPostProcessor.java:155) localhost-startStop-1 JSR-330 'javax.inject.Inject' annotation found and supported for autowiring 
[INFO][2018-01-15 21:16:36] org.springframework.web.context.ContextLoader.initWebApplicationContext(ContextLoader.java:344) localhost-startStop-1 Root WebApplicationContext: initialization completed in 974 ms 
[INFO][2018-01-15 21:16:37] org.springframework.web.servlet.FrameworkServlet.initServletBean(FrameworkServlet.java:489) localhost-startStop-1 FrameworkServlet 'practice-app': initialization started 
[INFO][2018-01-15 21:16:37] org.springframework.context.support.AbstractApplicationContext.prepareRefresh(AbstractApplicationContext.java:583) localhost-startStop-1 Refreshing WebApplicationContext for namespace 'practice-app-servlet': startup date [Mon Jan 15 21:16:37 CST 2018]; parent: Root WebApplicationContext 
[INFO][2018-01-15 21:16:37] org.springframework.beans.factory.xml.XmlBeanDefinitionReader.loadBeanDefinitions(XmlBeanDefinitionReader.java:317) localhost-startStop-1 Loading XML bean definitions from class path resource [spring/spring-mvc.xml] 
[INFO][2018-01-15 21:16:37] org.springframework.beans.factory.annotation.AutowiredAnnotationBeanPostProcessor.<init>(AutowiredAnnotationBeanPostProcessor.java:155) localhost-startStop-1 JSR-330 'javax.inject.Inject' annotation found and supported for autowiring 
[INFO][2018-01-15 21:16:38] org.springframework.web.servlet.mvc.method.annotation.RequestMappingHandlerAdapter.initControllerAdviceCache(RequestMappingHandlerAdapter.java:534) localhost-startStop-1 Looking for @ControllerAdvice: WebApplicationContext for namespace 'practice-app-servlet': startup date [Mon Jan 15 21:16:37 CST 2018]; parent: Root WebApplicationContext 
[INFO][2018-01-15 21:16:38] org.springframework.web.servlet.mvc.method.annotation.RequestMappingHandlerAdapter.initControllerAdviceCache(RequestMappingHandlerAdapter.java:534) localhost-startStop-1 Looking for @ControllerAdvice: WebApplicationContext for namespace 'practice-app-servlet': startup date [Mon Jan 15 21:16:37 CST 2018]; parent: Root WebApplicationContext 
[INFO][2018-01-15 21:16:38] org.springframework.web.servlet.FrameworkServlet.initServletBean(FrameworkServlet.java:508) localhost-startStop-1 FrameworkServlet 'practice-app': initialization completed in 1532 ms 
[INFO][2018-01-15 21:18:40] org.springframework.web.context.ContextLoader.initWebApplicationContext(ContextLoader.java:304) localhost-startStop-1 Root WebApplicationContext: initialization started 
[INFO][2018-01-15 21:18:40] org.springframework.context.support.AbstractApplicationContext.prepareRefresh(AbstractApplicationContext.java:583) localhost-startStop-1 Refreshing Root WebApplicationContext: startup date [Mon Jan 15 21:18:40 CST 2018]; root of context hierarchy 
[INFO][2018-01-15 21:18:40] org.springframework.beans.factory.xml.XmlBeanDefinitionReader.loadBeanDefinitions(XmlBeanDefinitionReader.java:317) localhost-startStop-1 Loading XML bean definitions from class path resource [spring/spring-service.xml] 
[INFO][2018-01-15 21:18:40] org.springframework.beans.factory.xml.XmlBeanDefinitionReader.loadBeanDefinitions(XmlBeanDefinitionReader.java:317) localhost-startStop-1 Loading XML bean definitions from class path resource [spring/spring-dubbo.xml] 
[INFO][2018-01-15 21:18:41]  localhost-startStop-1 using logger: com.alibaba.dubbo.common.logger.log4j.Log4jLoggerAdapter 
[INFO][2018-01-15 21:18:41] org.springframework.beans.factory.annotation.AutowiredAnnotationBeanPostProcessor.<init>(AutowiredAnnotationBeanPostProcessor.java:155) localhost-startStop-1 JSR-330 'javax.inject.Inject' annotation found and supported for autowiring 
[INFO][2018-01-15 21:18:41] org.springframework.web.context.ContextLoader.initWebApplicationContext(ContextLoader.java:344) localhost-startStop-1 Root WebApplicationContext: initialization completed in 1016 ms 
[INFO][2018-01-15 21:18:41] org.springframework.web.servlet.FrameworkServlet.initServletBean(FrameworkServlet.java:489) localhost-startStop-1 FrameworkServlet 'practice-app': initialization started 
[INFO][2018-01-15 21:18:41] org.springframework.context.support.AbstractApplicationContext.prepareRefresh(AbstractApplicationContext.java:583) localhost-startStop-1 Refreshing WebApplicationContext for namespace 'practice-app-servlet': startup date [Mon Jan 15 21:18:41 CST 2018]; parent: Root WebApplicationContext 
[INFO][2018-01-15 21:18:41] org.springframework.beans.factory.xml.XmlBeanDefinitionReader.loadBeanDefinitions(XmlBeanDefinitionReader.java:317) localhost-startStop-1 Loading XML bean definitions from class path resource [spring/spring-mvc.xml] 
[INFO][2018-01-15 21:18:41] org.springframework.beans.factory.annotation.AutowiredAnnotationBeanPostProcessor.<init>(AutowiredAnnotationBeanPostProcessor.java:155) localhost-startStop-1 JSR-330 'javax.inject.Inject' annotation found and supported for autowiring 
[INFO][2018-01-15 21:18:42] org.springframework.web.servlet.handler.AbstractHandlerMethodMapping$MappingRegistry.register(AbstractHandlerMethodMapping.java:543) localhost-startStop-1 Mapped "{[/]}" onto public java.lang.String com.practice.app.controller.IndexController.index() 
[INFO][2018-01-15 21:18:43] org.springframework.web.servlet.mvc.method.annotation.RequestMappingHandlerAdapter.initControllerAdviceCache(RequestMappingHandlerAdapter.java:534) localhost-startStop-1 Looking for @ControllerAdvice: WebApplicationContext for namespace 'practice-app-servlet': startup date [Mon Jan 15 21:18:41 CST 2018]; parent: Root WebApplicationContext 
[INFO][2018-01-15 21:18:43] org.springframework.web.servlet.mvc.method.annotation.RequestMappingHandlerAdapter.initControllerAdviceCache(RequestMappingHandlerAdapter.java:534) localhost-startStop-1 Looking for @ControllerAdvice: WebApplicationContext for namespace 'practice-app-servlet': startup date [Mon Jan 15 21:18:41 CST 2018]; parent: Root WebApplicationContext 
[INFO][2018-01-15 21:18:43] org.springframework.web.servlet.FrameworkServlet.initServletBean(FrameworkServlet.java:508) localhost-startStop-1 FrameworkServlet 'practice-app': initialization completed in 1980 ms 
[INFO][2018-01-15 21:21:33] org.springframework.web.context.ContextLoader.initWebApplicationContext(ContextLoader.java:304) localhost-startStop-1 Root WebApplicationContext: initialization started 
[INFO][2018-01-15 21:21:33] org.springframework.context.support.AbstractApplicationContext.prepareRefresh(AbstractApplicationContext.java:583) localhost-startStop-1 Refreshing Root WebApplicationContext: startup date [Mon Jan 15 21:21:33 CST 2018]; root of context hierarchy 
[INFO][2018-01-15 21:21:33] org.springframework.beans.factory.xml.XmlBeanDefinitionReader.loadBeanDefinitions(XmlBeanDefinitionReader.java:317) localhost-startStop-1 Loading XML bean definitions from class path resource [spring/spring-service.xml] 
[INFO][2018-01-15 21:21:34] org.springframework.beans.factory.xml.XmlBeanDefinitionReader.loadBeanDefinitions(XmlBeanDefinitionReader.java:317) localhost-startStop-1 Loading XML bean definitions from class path resource [spring/spring-dubbo.xml] 
[INFO][2018-01-15 21:21:34]  localhost-startStop-1 using logger: com.alibaba.dubbo.common.logger.log4j.Log4jLoggerAdapter 
[INFO][2018-01-15 21:21:34] org.springframework.beans.factory.annotation.AutowiredAnnotationBeanPostProcessor.<init>(AutowiredAnnotationBeanPostProcessor.java:155) localhost-startStop-1 JSR-330 'javax.inject.Inject' annotation found and supported for autowiring 
[INFO][2018-01-15 21:21:34] org.springframework.web.context.ContextLoader.initWebApplicationContext(ContextLoader.java:344) localhost-startStop-1 Root WebApplicationContext: initialization completed in 946 ms 
[INFO][2018-01-15 21:21:34] org.springframework.web.servlet.FrameworkServlet.initServletBean(FrameworkServlet.java:489) localhost-startStop-1 FrameworkServlet 'practice-app': initialization started 
[INFO][2018-01-15 21:21:34] org.springframework.context.support.AbstractApplicationContext.prepareRefresh(AbstractApplicationContext.java:583) localhost-startStop-1 Refreshing WebApplicationContext for namespace 'practice-app-servlet': startup date [Mon Jan 15 21:21:34 CST 2018]; parent: Root WebApplicationContext 
[INFO][2018-01-15 21:21:34] org.springframework.beans.factory.xml.XmlBeanDefinitionReader.loadBeanDefinitions(XmlBeanDefinitionReader.java:317) localhost-startStop-1 Loading XML bean definitions from class path resource [spring/spring-mvc.xml] 
[INFO][2018-01-15 21:21:35] org.springframework.beans.factory.annotation.AutowiredAnnotationBeanPostProcessor.<init>(AutowiredAnnotationBeanPostProcessor.java:155) localhost-startStop-1 JSR-330 'javax.inject.Inject' annotation found and supported for autowiring 
[INFO][2018-01-15 21:21:35] org.springframework.web.servlet.handler.AbstractHandlerMethodMapping$MappingRegistry.register(AbstractHandlerMethodMapping.java:543) localhost-startStop-1 Mapped "{[/]}" onto public java.lang.String com.practice.app.controller.IndexController.index() 
[INFO][2018-01-15 21:21:36] org.springframework.web.servlet.mvc.method.annotation.RequestMappingHandlerAdapter.initControllerAdviceCache(RequestMappingHandlerAdapter.java:534) localhost-startStop-1 Looking for @ControllerAdvice: WebApplicationContext for namespace 'practice-app-servlet': startup date [Mon Jan 15 21:21:34 CST 2018]; parent: Root WebApplicationContext 
[INFO][2018-01-15 21:21:36] org.springframework.web.servlet.mvc.method.annotation.RequestMappingHandlerAdapter.initControllerAdviceCache(RequestMappingHandlerAdapter.java:534) localhost-startStop-1 Looking for @ControllerAdvice: WebApplicationContext for namespace 'practice-app-servlet': startup date [Mon Jan 15 21:21:34 CST 2018]; parent: Root WebApplicationContext 
[INFO][2018-01-15 21:21:36] org.springframework.web.servlet.FrameworkServlet.initServletBean(FrameworkServlet.java:508) localhost-startStop-1 FrameworkServlet 'practice-app': initialization completed in 1818 ms 
[INFO][2018-01-15 21:22:05] org.springframework.web.context.ContextLoader.initWebApplicationContext(ContextLoader.java:304) localhost-startStop-1 Root WebApplicationContext: initialization started 
[INFO][2018-01-15 21:22:05] org.springframework.context.support.AbstractApplicationContext.prepareRefresh(AbstractApplicationContext.java:583) localhost-startStop-1 Refreshing Root WebApplicationContext: startup date [Mon Jan 15 21:22:05 CST 2018]; root of context hierarchy 
[INFO][2018-01-15 21:22:05] org.springframework.beans.factory.xml.XmlBeanDefinitionReader.loadBeanDefinitions(XmlBeanDefinitionReader.java:317) localhost-startStop-1 Loading XML bean definitions from class path resource [spring/spring-service.xml] 
[INFO][2018-01-15 21:22:05] org.springframework.beans.factory.xml.XmlBeanDefinitionReader.loadBeanDefinitions(XmlBeanDefinitionReader.java:317) localhost-startStop-1 Loading XML bean definitions from class path resource [spring/spring-dubbo.xml] 
[INFO][2018-01-15 21:22:05]  localhost-startStop-1 using logger: com.alibaba.dubbo.common.logger.log4j.Log4jLoggerAdapter 
[INFO][2018-01-15 21:22:05] org.springframework.beans.factory.annotation.AutowiredAnnotationBeanPostProcessor.<init>(AutowiredAnnotationBeanPostProcessor.java:155) localhost-startStop-1 JSR-330 'javax.inject.Inject' annotation found and supported for autowiring 
[INFO][2018-01-15 21:22:05] org.springframework.web.context.ContextLoader.initWebApplicationContext(ContextLoader.java:344) localhost-startStop-1 Root WebApplicationContext: initialization completed in 883 ms 
[INFO][2018-01-15 21:22:05] org.springframework.web.servlet.FrameworkServlet.initServletBean(FrameworkServlet.java:489) localhost-startStop-1 FrameworkServlet 'practice-app': initialization started 
[INFO][2018-01-15 21:22:05] org.springframework.context.support.AbstractApplicationContext.prepareRefresh(AbstractApplicationContext.java:583) localhost-startStop-1 Refreshing WebApplicationContext for namespace 'practice-app-servlet': startup date [Mon Jan 15 21:22:05 CST 2018]; parent: Root WebApplicationContext 
[INFO][2018-01-15 21:22:05] org.springframework.beans.factory.xml.XmlBeanDefinitionReader.loadBeanDefinitions(XmlBeanDefinitionReader.java:317) localhost-startStop-1 Loading XML bean definitions from class path resource [spring/spring-mvc.xml] 
[INFO][2018-01-15 21:22:06] org.springframework.beans.factory.annotation.AutowiredAnnotationBeanPostProcessor.<init>(AutowiredAnnotationBeanPostProcessor.java:155) localhost-startStop-1 JSR-330 'javax.inject.Inject' annotation found and supported for autowiring 
[INFO][2018-01-15 21:22:06] org.springframework.web.servlet.handler.AbstractHandlerMethodMapping$MappingRegistry.register(AbstractHandlerMethodMapping.java:543) localhost-startStop-1 Mapped "{[/]}" onto public java.lang.String com.practice.app.controller.IndexController.index() 
[INFO][2018-01-15 21:22:07] org.springframework.web.servlet.mvc.method.annotation.RequestMappingHandlerAdapter.initControllerAdviceCache(RequestMappingHandlerAdapter.java:534) localhost-startStop-1 Looking for @ControllerAdvice: WebApplicationContext for namespace 'practice-app-servlet': startup date [Mon Jan 15 21:22:05 CST 2018]; parent: Root WebApplicationContext 
[INFO][2018-01-15 21:22:07] org.springframework.web.servlet.mvc.method.annotation.RequestMappingHandlerAdapter.initControllerAdviceCache(RequestMappingHandlerAdapter.java:534) localhost-startStop-1 Looking for @ControllerAdvice: WebApplicationContext for namespace 'practice-app-servlet': startup date [Mon Jan 15 21:22:05 CST 2018]; parent: Root WebApplicationContext 
[INFO][2018-01-15 21:22:08] org.springframework.web.servlet.FrameworkServlet.initServletBean(FrameworkServlet.java:508) localhost-startStop-1 FrameworkServlet 'practice-app': initialization completed in 2049 ms 
[WARN][2018-01-15 21:24:53] org.springframework.web.servlet.DispatcherServlet.noHandlerFound(DispatcherServlet.java:1176) http-bio-8086-exec-3 No mapping found for HTTP request with URI [/favicon.ico] in DispatcherServlet with name 'practice-app' 
